# JRE version: Java(TM) SE Runtime Environment (18.0.2.1+1) (build 18.0.2.1+1-1)
# Java VM: Java HotSpot(TM) 64-Bit Server VM (18.0.2.1+1-1, mixed mode, sharing, tiered, compressed oops, compressed class ptrs, g1 gc, windows-amd64)
GC Precious Log:
 CardTable entry size: 512
 Card Set container configuration: InlinePtr #cards 4 size 8 Array Of Cards #cards 32 size 80 Howl #buckets 8 coarsen threshold 7372 Howl Bitmap #cards 1024 size 144 coarsen threshold 921 Card regions per heap region 1 cards per card region 8192
 CPUs: 16 total, 16 available
 Memory: 32512M
 Large Page Support: Disabled
 NUMA Support: Disabled
 Compressed Oops: Enabled (Zero based)
 Heap Region Size: 4M
 Heap Min Capacity: 8M
 Heap Initial Capacity: 512M
 Heap Max Capacity: 8132M
 Pre-touch: Disabled
 Parallel Workers: 13
 Concurrent Workers: 3
 Concurrent Refinement Workers: 13
 Periodic GC: Disabled
Heap:
 garbage-first heap   total 933888K, used 564738K [0x0000000603c00000, 0x0000000800000000)
  region size 4096K, 25 young (102400K), 1 survivors (4096K)
 Metaspace       used 20024K, committed 20416K, reserved 1114112K
  class space    used 2919K, committed 3136K, reserved 1048576K
GC Heap History (20 events):
Event: 4.042 GC heap before
{Heap before GC invocations=18 (full 0):
 garbage-first heap   total 581632K, used 347665K [0x0000000603c00000, 0x0000000800000000)
  region size 4096K, 2 young (8192K), 1 survivors (4096K)
 Metaspace       used 5402K, committed 5632K, reserved 1114112K
  class space    used 596K, committed 704K, reserved 1048576K
}
Event: 4.045 GC heap after
{Heap after GC invocations=19 (full 0):
 garbage-first heap   total 581632K, used 347616K [0x0000000603c00000, 0x0000000800000000)
  region size 4096K, 1 young (4096K), 1 survivors (4096K)
 Metaspace       used 5402K, committed 5632K, reserved 1114112K
  class space    used 596K, committed 704K, reserved 1048576K
}
Event: 4.151 GC heap before
{Heap before GC invocations=20 (full 0):
 garbage-first heap   total 602112K, used 359904K [0x0000000603c00000, 0x0000000800000000)
  region size 4096K, 2 young (8192K), 1 survivors (4096K)
 Metaspace       used 5404K, committed 5632K, reserved 1114112K
  class space    used 596K, committed 704K, reserved 1048576K
}
Event: 4.154 GC heap after
{Heap after GC invocations=21 (full 0):
 garbage-first heap   total 602112K, used 359952K [0x0000000603c00000, 0x0000000800000000)
  region size 4096K, 1 young (4096K), 1 survivors (4096K)
 Metaspace       used 5404K, committed 5632K, reserved 1114112K
  class space    used 596K, committed 704K, reserved 1048576K
}
Event: 4.255 GC heap before
{Heap before GC invocations=22 (full 0):
 garbage-first heap   total 622592K, used 372240K [0x0000000603c00000, 0x0000000800000000)
  region size 4096K, 2 young (8192K), 1 survivors (4096K)
 Metaspace       used 5404K, committed 5632K, reserved 1114112K
  class space    used 596K, committed 704K, reserved 1048576K
}
Event: 4.258 GC heap after
{Heap after GC invocations=23 (full 0):
 garbage-first heap   total 622592K, used 372125K [0x0000000603c00000, 0x0000000800000000)
  region size 4096K, 1 young (4096K), 1 survivors (4096K)
 Metaspace       used 5404K, committed 5632K, reserved 1114112K
  class space    used 596K, committed 704K, reserved 1048576K
}
Event: 4.360 GC heap before
{Heap before GC invocations=24 (full 0):
 garbage-first heap   total 643072K, used 384413K [0x0000000603c00000, 0x0000000800000000)
  region size 4096K, 2 young (8192K), 1 survivors (4096K)
 Metaspace       used 5404K, committed 5632K, reserved 1114112K
  class space    used 596K, committed 704K, reserved 1048576K
}
Event: 4.363 GC heap after
{Heap after GC invocations=25 (full 0):
 garbage-first heap   total 643072K, used 384446K [0x0000000603c00000, 0x0000000800000000)
  region size 4096K, 1 young (4096K), 1 survivors (4096K)
 Metaspace       used 5404K, committed 5632K, reserved 1114112K
  class space    used 596K, committed 704K, reserved 1048576K
}
Event: 4.464 GC heap before
{Heap before GC invocations=26 (full 0):
 garbage-first heap   total 663552K, used 396734K [0x0000000603c00000, 0x0000000800000000)
  region size 4096K, 2 young (8192K), 1 survivors (4096K)
 Metaspace       used 5405K, committed 5632K, reserved 1114112K
  class space    used 596K, committed 704K, reserved 1048576K
}
Event: 4.467 GC heap after
{Heap after GC invocations=27 (full 0):
 garbage-first heap   total 663552K, used 396701K [0x0000000603c00000, 0x0000000800000000)
  region size 4096K, 1 young (4096K), 1 survivors (4096K)
 Metaspace       used 5405K, committed 5632K, reserved 1114112K
  class space    used 596K, committed 704K, reserved 1048576K
}
Event: 4.571 GC heap before
{Heap before GC invocations=28 (full 0):
 garbage-first heap   total 684032K, used 408989K [0x0000000603c00000, 0x0000000800000000)
  region size 4096K, 2 young (8192K), 1 survivors (4096K)
 Metaspace       used 5405K, committed 5632K, reserved 1114112K
  class space    used 596K, committed 704K, reserved 1048576K
}
Event: 4.574 GC heap after
{Heap after GC invocations=29 (full 0):
 garbage-first heap   total 684032K, used 409135K [0x0000000603c00000, 0x0000000800000000)
  region size 4096K, 1 young (4096K), 1 survivors (4096K)
 Metaspace       used 5405K, committed 5632K, reserved 1114112K
  class space    used 596K, committed 704K, reserved 1048576K
}
Event: 4.676 GC heap before
{Heap before GC invocations=30 (full 0):
 garbage-first heap   total 712704K, used 421423K [0x0000000603c00000, 0x0000000800000000)
  region size 4096K, 2 young (8192K), 1 survivors (4096K)
 Metaspace       used 5405K, committed 5632K, reserved 1114112K
  class space    used 596K, committed 704K, reserved 1048576K
}
Event: 4.677 GC heap after
{Heap after GC invocations=31 (full 0):
 garbage-first heap   total 712704K, used 421385K [0x0000000603c00000, 0x0000000800000000)
  region size 4096K, 1 young (4096K), 1 survivors (4096K)
 Metaspace       used 5405K, committed 5632K, reserved 1114112K
  class space    used 596K, committed 704K, reserved 1048576K
}
Event: 4.778 GC heap before
{Heap before GC invocations=32 (full 0):
 garbage-first heap   total 737280K, used 433673K [0x0000000603c00000, 0x0000000800000000)
  region size 4096K, 2 young (8192K), 1 survivors (4096K)
 Metaspace       used 5406K, committed 5632K, reserved 1114112K
  class space    used 596K, committed 704K, reserved 1048576K
}
Event: 4.779 GC heap after
{Heap after GC invocations=33 (full 0):
 garbage-first heap   total 737280K, used 433652K [0x0000000603c00000, 0x0000000800000000)
  region size 4096K, 1 young (4096K), 1 survivors (4096K)
 Metaspace       used 5406K, committed 5632K, reserved 1114112K
  class space    used 596K, committed 704K, reserved 1048576K
}
Event: 4.866 GC heap before
{Heap before GC invocations=34 (full 0):
 garbage-first heap   total 753664K, used 445940K [0x0000000603c00000, 0x0000000800000000)
  region size 4096K, 2 young (8192K), 1 survivors (4096K)
 Metaspace       used 5406K, committed 5632K, reserved 1114112K
  class space    used 596K, committed 704K, reserved 1048576K
}
Event: 4.867 GC heap after
{Heap after GC invocations=35 (full 0):
 garbage-first heap   total 753664K, used 445941K [0x0000000603c00000, 0x0000000800000000)
  region size 4096K, 1 young (4096K), 1 survivors (4096K)
 Metaspace       used 5406K, committed 5632K, reserved 1114112K
  class space    used 596K, committed 704K, reserved 1048576K
}
Event: 4.965 GC heap before
{Heap before GC invocations=36 (full 0):
 garbage-first heap   total 778240K, used 458229K [0x0000000603c00000, 0x0000000800000000)
  region size 4096K, 2 young (8192K), 1 survivors (4096K)
 Metaspace       used 5406K, committed 5632K, reserved 1114112K
  class space    used 596K, committed 704K, reserved 1048576K
}
Event: 4.966 GC heap after
{Heap after GC invocations=37 (full 0):
 garbage-first heap   total 933888K, used 458242K [0x0000000603c00000, 0x0000000800000000)
  region size 4096K, 1 young (4096K), 1 survivors (4096K)
 Metaspace       used 5406K, committed 5632K, reserved 1114112K
  class space    used 596K, committed 704K, reserved 1048576K
}

