# JRE version: Java(TM) SE Runtime Environment (17.0.8+9) (build 17.0.8+9-LTS-211)
# Java VM: Java HotSpot(TM) 64-Bit Server VM (17.0.8+9-LTS-211, mixed mode, sharing, tiered, compressed oops, compressed class ptrs, g1 gc, bsd-aarch64)
Heap:
 garbage-first heap   total 109568K, used 90533K [0x0000000780000000, 0x0000000800000000)
  region size 1024K, 36 young (36864K), 2 survivors (2048K)
 Metaspace       used 22782K, committed 23040K, reserved 1114112K
  class space    used 3413K, committed 3520K, reserved 1048576K
GC Heap History (12 events):
Event: 0.435 GC heap before
{Heap before GC invocations=0 (full 0):
 garbage-first heap   total 133120K, used 23520K [0x0000000780000000, 0x0000000800000000)
  region size 1024K, 23 young (23552K), 0 survivors (0K)
 Metaspace       used 5554K, committed 5824K, reserved 1114112K
  class space    used 648K, committed 768K, reserved 1048576K
}
Event: 0.437 GC heap after
{Heap after GC invocations=1 (full 0):
 garbage-first heap   total 133120K, used 7441K [0x0000000780000000, 0x0000000800000000)
  region size 1024K, 3 young (3072K), 3 survivors (3072K)
 Metaspace       used 5554K, committed 5824K, reserved 1114112K
  class space    used 648K, committed 768K, reserved 1048576K
}
Event: 6.068 GC heap before
{Heap before GC invocations=1 (full 0):
 garbage-first heap   total 133120K, used 69905K [0x0000000780000000, 0x0000000800000000)
  region size 1024K, 36 young (36864K), 3 survivors (3072K)
 Metaspace       used 14462K, committed 14720K, reserved 1114112K
  class space    used 1989K, committed 2112K, reserved 1048576K
}
Event: 6.075 GC heap after
{Heap after GC invocations=2 (full 0):
 garbage-first heap   total 133120K, used 40395K [0x0000000780000000, 0x0000000800000000)
  region size 1024K, 5 young (5120K), 5 survivors (5120K)
 Metaspace       used 14462K, committed 14720K, reserved 1114112K
  class space    used 1989K, committed 2112K, reserved 1048576K
}
Event: 38.646 GC heap before
{Heap before GC invocations=2 (full 0):
 garbage-first heap   total 133120K, used 94667K [0x0000000780000000, 0x0000000800000000)
  region size 1024K, 43 young (44032K), 5 survivors (5120K)
 Metaspace       used 20073K, committed 20416K, reserved 1114112K
  class space    used 3042K, committed 3200K, reserved 1048576K
}
Event: 38.654 GC heap after
{Heap after GC invocations=3 (full 0):
 garbage-first heap   total 133120K, used 51226K [0x0000000780000000, 0x0000000800000000)
  region size 1024K, 7 young (7168K), 7 survivors (7168K)
 Metaspace       used 20073K, committed 20416K, reserved 1114112K
  class space    used 3042K, committed 3200K, reserved 1048576K
}
Event: 39.862 GC heap before
{Heap before GC invocations=3 (full 0):
 garbage-first heap   total 133120K, used 85018K [0x0000000780000000, 0x0000000800000000)
  region size 1024K, 15 young (15360K), 7 survivors (7168K)
 Metaspace       used 20949K, committed 21248K, reserved 1114112K
  class space    used 3203K, committed 3328K, reserved 1048576K
}
Event: 39.865 GC heap after
{Heap after GC invocations=4 (full 0):
 garbage-first heap   total 133120K, used 52851K [0x0000000780000000, 0x0000000800000000)
  region size 1024K, 2 young (2048K), 2 survivors (2048K)
 Metaspace       used 20949K, committed 21248K, reserved 1114112K
  class space    used 3203K, committed 3328K, reserved 1048576K
}
Event: 39.867 GC heap before
{Heap before GC invocations=4 (full 0):
 garbage-first heap   total 133120K, used 57971K [0x0000000780000000, 0x0000000800000000)
  region size 1024K, 3 young (3072K), 2 survivors (2048K)
 Metaspace       used 20967K, committed 21248K, reserved 1114112K
  class space    used 3203K, committed 3328K, reserved 1048576K
}
Event: 39.869 GC heap after
{Heap after GC invocations=5 (full 0):
 garbage-first heap   total 133120K, used 57744K [0x0000000780000000, 0x0000000800000000)
  region size 1024K, 2 young (2048K), 2 survivors (2048K)
 Metaspace       used 20967K, committed 21248K, reserved 1114112K
  class space    used 3203K, committed 3328K, reserved 1048576K
}
Event: 44.016 GC heap before
{Heap before GC invocations=5 (full 0):
 garbage-first heap   total 133120K, used 64912K [0x0000000780000000, 0x0000000800000000)
  region size 1024K, 5 young (5120K), 2 survivors (2048K)
 Metaspace       used 21271K, committed 21504K, reserved 1114112K
  class space    used 3225K, committed 3328K, reserved 1048576K
}
Event: 44.018 GC heap after
{Heap after GC invocations=6 (full 0):
 garbage-first heap   total 133120K, used 62885K [0x0000000780000000, 0x0000000800000000)
  region size 1024K, 2 young (2048K), 2 survivors (2048K)
 Metaspace       used 21271K, committed 21504K, reserved 1114112K
  class space    used 3225K, committed 3328K, reserved 1048576K
}

