# JRE version: Java(TM) SE Runtime Environment (17.0.8+9) (build 17.0.8+9-LTS-211)
# Java VM: Java HotSpot(TM) 64-Bit Server VM (17.0.8+9-LTS-211, mixed mode, sharing, tiered, compressed oops, compressed class ptrs, g1 gc, bsd-aarch64)
Heap:
 garbage-first heap   total 133120K, used 67498K [0x0000000780000000, 0x0000000800000000)
  region size 1024K, 12 young (12288K), 2 survivors (2048K)
 Metaspace       used 21194K, committed 21504K, reserved 1114112K
  class space    used 3286K, committed 3456K, reserved 1048576K
GC Heap History (8 events):
Event: 0.926 GC heap before
{Heap before GC invocations=0 (full 0):
 garbage-first heap   total 133120K, used 23520K [0x0000000780000000, 0x0000000800000000)
  region size 1024K, 23 young (23552K), 0 survivors (0K)
 Metaspace       used 5632K, committed 5888K, reserved 1114112K
  class space    used 677K, committed 832K, reserved 1048576K
}
Event: 0.935 GC heap after
{Heap after GC invocations=1 (full 0):
 garbage-first heap   total 133120K, used 7457K [0x0000000780000000, 0x0000000800000000)
  region size 1024K, 3 young (3072K), 3 survivors (3072K)
 Metaspace       used 5632K, committed 5888K, reserved 1114112K
  class space    used 677K, committed 832K, reserved 1048576K
}
Event: 2.542 GC heap before
{Heap before GC invocations=1 (full 0):
 garbage-first heap   total 133120K, used 68897K [0x0000000780000000, 0x0000000800000000)
  region size 1024K, 35 young (35840K), 3 survivors (3072K)
 Metaspace       used 14704K, committed 15040K, reserved 1114112K
  class space    used 2085K, committed 2240K, reserved 1048576K
}
Event: 2.546 GC heap after
{Heap after GC invocations=2 (full 0):
 garbage-first heap   total 133120K, used 40978K [0x0000000780000000, 0x0000000800000000)
  region size 1024K, 5 young (5120K), 5 survivors (5120K)
 Metaspace       used 14704K, committed 15040K, reserved 1114112K
  class space    used 2085K, committed 2240K, reserved 1048576K
}
Event: 5.028 GC heap before
{Heap before GC invocations=2 (full 0):
 garbage-first heap   total 133120K, used 74770K [0x0000000780000000, 0x0000000800000000)
  region size 1024K, 35 young (35840K), 5 survivors (5120K)
 Metaspace       used 19294K, committed 19584K, reserved 1114112K
  class space    used 2995K, committed 3136K, reserved 1048576K
}
Event: 5.034 GC heap after
{Heap after GC invocations=3 (full 0):
 garbage-first heap   total 133120K, used 46419K [0x0000000780000000, 0x0000000800000000)
  region size 1024K, 6 young (6144K), 6 survivors (6144K)
 Metaspace       used 19294K, committed 19584K, reserved 1114112K
  class space    used 2995K, committed 3136K, reserved 1048576K
}
Event: 5.879 GC heap before
{Heap before GC invocations=3 (full 0):
 garbage-first heap   total 133120K, used 81235K [0x0000000780000000, 0x0000000800000000)
  region size 1024K, 15 young (15360K), 6 survivors (6144K)
 Metaspace       used 20304K, committed 20608K, reserved 1114112K
  class space    used 3181K, committed 3328K, reserved 1048576K
}
Event: 5.882 GC heap after
{Heap after GC invocations=4 (full 0):
 garbage-first heap   total 133120K, used 74666K [0x0000000780000000, 0x0000000800000000)
  region size 1024K, 2 young (2048K), 2 survivors (2048K)
 Metaspace       used 20304K, committed 20608K, reserved 1114112K
  class space    used 3181K, committed 3328K, reserved 1048576K
}

