# JRE version: Java(TM) SE Runtime Environment (17.0.8+9) (build 17.0.8+9-LTS-211)
# Java VM: Java HotSpot(TM) 64-Bit Server VM (17.0.8+9-LTS-211, mixed mode, sharing, tiered, compressed oops, compressed class ptrs, g1 gc, bsd-aarch64)
Heap:
 garbage-first heap   total 133120K, used 71463K [0x0000000780000000, 0x0000000800000000)
  region size 1024K, 13 young (13312K), 3 survivors (3072K)
 Metaspace       used 21641K, committed 21888K, reserved 1114112K
  class space    used 3313K, committed 3456K, reserved 1048576K
GC Heap History (8 events):
Event: 0.817 GC heap before
{Heap before GC invocations=0 (full 0):
 garbage-first heap   total 133120K, used 23520K [0x0000000780000000, 0x0000000800000000)
  region size 1024K, 23 young (23552K), 0 survivors (0K)
 Metaspace       used 5662K, committed 5952K, reserved 1114112K
  class space    used 679K, committed 832K, reserved 1048576K
}
Event: 0.821 GC heap after
{Heap after GC invocations=1 (full 0):
 garbage-first heap   total 133120K, used 7264K [0x0000000780000000, 0x0000000800000000)
  region size 1024K, 3 young (3072K), 3 survivors (3072K)
 Metaspace       used 5662K, committed 5952K, reserved 1114112K
  class space    used 679K, committed 832K, reserved 1048576K
}
Event: 3.293 GC heap before
{Heap before GC invocations=1 (full 0):
 garbage-first heap   total 133120K, used 69728K [0x0000000780000000, 0x0000000800000000)
  region size 1024K, 36 young (36864K), 3 survivors (3072K)
 Metaspace       used 14900K, committed 15168K, reserved 1114112K
  class space    used 2116K, committed 2240K, reserved 1048576K
}
Event: 3.296 GC heap after
{Heap after GC invocations=2 (full 0):
 garbage-first heap   total 133120K, used 40568K [0x0000000780000000, 0x0000000800000000)
  region size 1024K, 5 young (5120K), 5 survivors (5120K)
 Metaspace       used 14900K, committed 15168K, reserved 1114112K
  class space    used 2116K, committed 2240K, reserved 1048576K
}
Event: 8.097 GC heap before
{Heap before GC invocations=2 (full 0):
 garbage-first heap   total 133120K, used 92792K [0x0000000780000000, 0x0000000800000000)
  region size 1024K, 41 young (41984K), 5 survivors (5120K)
 Metaspace       used 19922K, committed 20160K, reserved 1114112K
  class space    used 3016K, committed 3136K, reserved 1048576K
}
Event: 8.104 GC heap after
{Heap after GC invocations=3 (full 0):
 garbage-first heap   total 133120K, used 50067K [0x0000000780000000, 0x0000000800000000)
  region size 1024K, 6 young (6144K), 6 survivors (6144K)
 Metaspace       used 19922K, committed 20160K, reserved 1114112K
  class space    used 3016K, committed 3136K, reserved 1048576K
}
Event: 9.147 GC heap before
{Heap before GC invocations=3 (full 0):
 garbage-first heap   total 133120K, used 83859K [0x0000000780000000, 0x0000000800000000)
  region size 1024K, 14 young (14336K), 6 survivors (6144K)
 Metaspace       used 20859K, committed 21120K, reserved 1114112K
  class space    used 3200K, committed 3328K, reserved 1048576K
}
Event: 9.151 GC heap after
{Heap after GC invocations=4 (full 0):
 garbage-first heap   total 133120K, used 78631K [0x0000000780000000, 0x0000000800000000)
  region size 1024K, 3 young (3072K), 3 survivors (3072K)
 Metaspace       used 20859K, committed 21120K, reserved 1114112K
  class space    used 3200K, committed 3328K, reserved 1048576K
}

