# JRE version: Java(TM) SE Runtime Environment (17.0.8+9) (build 17.0.8+9-LTS-211)
# Java VM: Java HotSpot(TM) 64-Bit Server VM (17.0.8+9-LTS-211, mixed mode, sharing, tiered, compressed oops, compressed class ptrs, g1 gc, bsd-aarch64)
Heap:
 garbage-first heap   total 133120K, used 98432K [0x0000000780000000, 0x0000000800000000)
  region size 1024K, 18 young (18432K), 2 survivors (2048K)
 Metaspace       used 21881K, committed 22144K, reserved 1114112K
  class space    used 3311K, committed 3456K, reserved 1048576K
GC Heap History (10 events):
Event: 0.788 GC heap before
{Heap before GC invocations=0 (full 0):
 garbage-first heap   total 133120K, used 23520K [0x0000000780000000, 0x0000000800000000)
  region size 1024K, 23 young (23552K), 0 survivors (0K)
 Metaspace       used 5673K, committed 5952K, reserved 1114112K
  class space    used 678K, committed 832K, reserved 1048576K
}
Event: 0.792 GC heap after
{Heap after GC invocations=1 (full 0):
 garbage-first heap   total 133120K, used 7232K [0x0000000780000000, 0x0000000800000000)
  region size 1024K, 3 young (3072K), 3 survivors (3072K)
 Metaspace       used 5673K, committed 5952K, reserved 1114112K
  class space    used 678K, committed 832K, reserved 1048576K
}
Event: 2.376 GC heap before
{Heap before GC invocations=1 (full 0):
 garbage-first heap   total 133120K, used 69696K [0x0000000780000000, 0x0000000800000000)
  region size 1024K, 36 young (36864K), 3 survivors (3072K)
 Metaspace       used 14807K, committed 15104K, reserved 1114112K
  class space    used 2139K, committed 2304K, reserved 1048576K
}
Event: 2.379 GC heap after
{Heap after GC invocations=2 (full 0):
 garbage-first heap   total 133120K, used 40547K [0x0000000780000000, 0x0000000800000000)
  region size 1024K, 5 young (5120K), 5 survivors (5120K)
 Metaspace       used 14807K, committed 15104K, reserved 1114112K
  class space    used 2139K, committed 2304K, reserved 1048576K
}
Event: 13.854 GC heap before
{Heap before GC invocations=2 (full 0):
 garbage-first heap   total 133120K, used 99939K [0x0000000780000000, 0x0000000800000000)
  region size 1024K, 49 young (50176K), 5 survivors (5120K)
 Metaspace       used 21220K, committed 21504K, reserved 1114112K
  class space    used 3282K, committed 3456K, reserved 1048576K
}
Event: 13.859 GC heap after
{Heap after GC invocations=3 (full 0):
 garbage-first heap   total 133120K, used 54375K [0x0000000780000000, 0x0000000800000000)
  region size 1024K, 6 young (6144K), 6 survivors (6144K)
 Metaspace       used 21220K, committed 21504K, reserved 1114112K
  class space    used 3282K, committed 3456K, reserved 1048576K
}
Event: 20.098 GC heap before
{Heap before GC invocations=4 (full 0):
 garbage-first heap   total 133120K, used 56423K [0x0000000780000000, 0x0000000800000000)
  region size 1024K, 9 young (9216K), 6 survivors (6144K)
 Metaspace       used 21388K, committed 21696K, reserved 1114112K
  class space    used 3291K, committed 3456K, reserved 1048576K
}
Event: 20.102 GC heap after
{Heap after GC invocations=5 (full 0):
 garbage-first heap   total 133120K, used 55421K [0x0000000780000000, 0x0000000800000000)
  region size 1024K, 1 young (1024K), 1 survivors (1024K)
 Metaspace       used 21388K, committed 21696K, reserved 1114112K
  class space    used 3291K, committed 3456K, reserved 1048576K
}
Event: 27.561 GC heap before
{Heap before GC invocations=5 (full 0):
 garbage-first heap   total 133120K, used 91261K [0x0000000780000000, 0x0000000800000000)
  region size 1024K, 11 young (11264K), 1 survivors (1024K)
 Metaspace       used 21654K, committed 21952K, reserved 1114112K
  class space    used 3303K, committed 3456K, reserved 1048576K
}
Event: 27.564 GC heap after
{Heap after GC invocations=6 (full 0):
 garbage-first heap   total 133120K, used 56448K [0x0000000780000000, 0x0000000800000000)
  region size 1024K, 2 young (2048K), 2 survivors (2048K)
 Metaspace       used 21654K, committed 21952K, reserved 1114112K
  class space    used 3303K, committed 3456K, reserved 1048576K
}

