# JRE version: Java(TM) SE Runtime Environment (17.0.8+9) (build 17.0.8+9-LTS-211)
# Java VM: Java HotSpot(TM) 64-Bit Server VM (17.0.8+9-LTS-211, mixed mode, sharing, tiered, compressed oops, compressed class ptrs, g1 gc, bsd-aarch64)
Heap:
 garbage-first heap   total 106496K, used 36306K [0x0000000780000000, 0x0000000800000000)
  region size 1024K, 10 young (10240K), 2 survivors (2048K)
 Metaspace       used 21492K, committed 21824K, reserved 1114112K
  class space    used 3302K, committed 3456K, reserved 1048576K
GC Heap History (12 events):
Event: 0.761 GC heap before
{Heap before GC invocations=0 (full 0):
 garbage-first heap   total 133120K, used 23520K [0x0000000780000000, 0x0000000800000000)
  region size 1024K, 23 young (23552K), 0 survivors (0K)
 Metaspace       used 5652K, committed 5952K, reserved 1114112K
  class space    used 677K, committed 832K, reserved 1048576K
}
Event: 0.764 GC heap after
{Heap after GC invocations=1 (full 0):
 garbage-first heap   total 133120K, used 7147K [0x0000000780000000, 0x0000000800000000)
  region size 1024K, 3 young (3072K), 3 survivors (3072K)
 Metaspace       used 5652K, committed 5952K, reserved 1114112K
  class space    used 677K, committed 832K, reserved 1048576K
}
Event: 2.685 GC heap before
{Heap before GC invocations=1 (full 0):
 garbage-first heap   total 133120K, used 69611K [0x0000000780000000, 0x0000000800000000)
  region size 1024K, 36 young (36864K), 3 survivors (3072K)
 Metaspace       used 14919K, committed 15232K, reserved 1114112K
  class space    used 2127K, committed 2304K, reserved 1048576K
}
Event: 2.689 GC heap after
{Heap after GC invocations=2 (full 0):
 garbage-first heap   total 133120K, used 40558K [0x0000000780000000, 0x0000000800000000)
  region size 1024K, 5 young (5120K), 5 survivors (5120K)
 Metaspace       used 14919K, committed 15232K, reserved 1114112K
  class space    used 2127K, committed 2304K, reserved 1048576K
}
Event: 8.538 GC heap before
{Heap before GC invocations=2 (full 0):
 garbage-first heap   total 133120K, used 90734K [0x0000000780000000, 0x0000000800000000)
  region size 1024K, 39 young (39936K), 5 survivors (5120K)
 Metaspace       used 19892K, committed 20160K, reserved 1114112K
  class space    used 3018K, committed 3136K, reserved 1048576K
}
Event: 8.544 GC heap after
{Heap after GC invocations=3 (full 0):
 garbage-first heap   total 133120K, used 50074K [0x0000000780000000, 0x0000000800000000)
  region size 1024K, 6 young (6144K), 6 survivors (6144K)
 Metaspace       used 19892K, committed 20160K, reserved 1114112K
  class space    used 3018K, committed 3136K, reserved 1048576K
}
Event: 9.557 GC heap before
{Heap before GC invocations=3 (full 0):
 garbage-first heap   total 133120K, used 83866K [0x0000000780000000, 0x0000000800000000)
  region size 1024K, 14 young (14336K), 6 survivors (6144K)
 Metaspace       used 20849K, committed 21120K, reserved 1114112K
  class space    used 3203K, committed 3328K, reserved 1048576K
}
Event: 9.560 GC heap after
{Heap after GC invocations=4 (full 0):
 garbage-first heap   total 133120K, used 51669K [0x0000000780000000, 0x0000000800000000)
  region size 1024K, 2 young (2048K), 2 survivors (2048K)
 Metaspace       used 20849K, committed 21120K, reserved 1114112K
  class space    used 3203K, committed 3328K, reserved 1048576K
}
Event: 9.562 GC heap before
{Heap before GC invocations=4 (full 0):
 garbage-first heap   total 133120K, used 56789K [0x0000000780000000, 0x0000000800000000)
  region size 1024K, 3 young (3072K), 2 survivors (2048K)
 Metaspace       used 20863K, committed 21120K, reserved 1114112K
  class space    used 3203K, committed 3328K, reserved 1048576K
}
Event: 9.564 GC heap after
{Heap after GC invocations=5 (full 0):
 garbage-first heap   total 133120K, used 56584K [0x0000000780000000, 0x0000000800000000)
  region size 1024K, 2 young (2048K), 2 survivors (2048K)
 Metaspace       used 20863K, committed 21120K, reserved 1114112K
  class space    used 3203K, committed 3328K, reserved 1048576K
}
Event: 11.114 GC heap before
{Heap before GC invocations=5 (full 0):
 garbage-first heap   total 133120K, used 63752K [0x0000000780000000, 0x0000000800000000)
  region size 1024K, 5 young (5120K), 2 survivors (2048K)
 Metaspace       used 21234K, committed 21504K, reserved 1114112K
  class space    used 3265K, committed 3392K, reserved 1048576K
}
Event: 11.115 GC heap after
{Heap after GC invocations=6 (full 0):
 garbage-first heap   total 133120K, used 61906K [0x0000000780000000, 0x0000000800000000)
  region size 1024K, 2 young (2048K), 2 survivors (2048K)
 Metaspace       used 21234K, committed 21504K, reserved 1114112K
  class space    used 3265K, committed 3392K, reserved 1048576K
}

