# JRE version: Java(TM) SE Runtime Environment (17.0.8+9) (build 17.0.8+9-LTS-211)
# Java VM: Java HotSpot(TM) 64-Bit Server VM (17.0.8+9-LTS-211, mixed mode, sharing, tiered, compressed oops, compressed class ptrs, g1 gc, bsd-aarch64)
Heap:
 garbage-first heap   total 133120K, used 66470K [0x0000000780000000, 0x0000000800000000)
  region size 1024K, 12 young (12288K), 3 survivors (3072K)
 Metaspace       used 21131K, committed 21440K, reserved 1114112K
  class space    used 3284K, committed 3456K, reserved 1048576K
GC Heap History (8 events):
Event: 0.954 GC heap before
{Heap before GC invocations=0 (full 0):
 garbage-first heap   total 133120K, used 23520K [0x0000000780000000, 0x0000000800000000)
  region size 1024K, 23 young (23552K), 0 survivors (0K)
 Metaspace       used 5650K, committed 5888K, reserved 1114112K
  class space    used 677K, committed 832K, reserved 1048576K
}
Event: 0.980 GC heap after
{Heap after GC invocations=1 (full 0):
 garbage-first heap   total 133120K, used 7181K [0x0000000780000000, 0x0000000800000000)
  region size 1024K, 3 young (3072K), 3 survivors (3072K)
 Metaspace       used 5650K, committed 5888K, reserved 1114112K
  class space    used 677K, committed 832K, reserved 1048576K
}
Event: 2.394 GC heap before
{Heap before GC invocations=1 (full 0):
 garbage-first heap   total 133120K, used 64525K [0x0000000780000000, 0x0000000800000000)
  region size 1024K, 32 young (32768K), 3 survivors (3072K)
 Metaspace       used 13929K, committed 14208K, reserved 1114112K
  class space    used 1957K, committed 2112K, reserved 1048576K
}
Event: 2.424 GC heap after
{Heap after GC invocations=2 (full 0):
 garbage-first heap   total 133120K, used 40107K [0x0000000780000000, 0x0000000800000000)
  region size 1024K, 4 young (4096K), 4 survivors (4096K)
 Metaspace       used 13929K, committed 14208K, reserved 1114112K
  class space    used 1957K, committed 2112K, reserved 1048576K
}
Event: 5.043 GC heap before
{Heap before GC invocations=2 (full 0):
 garbage-first heap   total 133120K, used 76971K [0x0000000780000000, 0x0000000800000000)
  region size 1024K, 37 young (37888K), 4 survivors (4096K)
 Metaspace       used 19117K, committed 19392K, reserved 1114112K
  class space    used 2987K, committed 3136K, reserved 1048576K
}
Event: 5.049 GC heap after
{Heap after GC invocations=3 (full 0):
 garbage-first heap   total 133120K, used 45961K [0x0000000780000000, 0x0000000800000000)
  region size 1024K, 6 young (6144K), 6 survivors (6144K)
 Metaspace       used 19117K, committed 19392K, reserved 1114112K
  class space    used 2987K, committed 3136K, reserved 1048576K
}
Event: 6.109 GC heap before
{Heap before GC invocations=3 (full 0):
 garbage-first heap   total 133120K, used 80777K [0x0000000780000000, 0x0000000800000000)
  region size 1024K, 15 young (15360K), 6 survivors (6144K)
 Metaspace       used 20286K, committed 20608K, reserved 1114112K
  class space    used 3180K, committed 3328K, reserved 1048576K
}
Event: 6.113 GC heap after
{Heap after GC invocations=4 (full 0):
 garbage-first heap   total 133120K, used 74662K [0x0000000780000000, 0x0000000800000000)
  region size 1024K, 3 young (3072K), 3 survivors (3072K)
 Metaspace       used 20286K, committed 20608K, reserved 1114112K
  class space    used 3180K, committed 3328K, reserved 1048576K
}

