# JRE version: Java(TM) SE Runtime Environment (17.0.8+9) (build 17.0.8+9-LTS-211)
# Java VM: Java HotSpot(TM) 64-Bit Server VM (17.0.8+9-LTS-211, mixed mode, sharing, tiered, compressed oops, compressed class ptrs, g1 gc, bsd-aarch64)
Heap:
 garbage-first heap   total 133120K, used 80766K [0x0000000780000000, 0x0000000800000000)
  region size 1024K, 29 young (29696K), 2 survivors (2048K)
 Metaspace       used 25725K, committed 25984K, reserved 1114112K
  class space    used 3619K, committed 3712K, reserved 1048576K
GC Heap History (6 events):
Event: 0.752 GC heap before
{Heap before GC invocations=0 (full 0):
 garbage-first heap   total 133120K, used 23520K [0x0000000780000000, 0x0000000800000000)
  region size 1024K, 23 young (23552K), 0 survivors (0K)
 Metaspace       used 5680K, committed 5952K, reserved 1114112K
  class space    used 679K, committed 832K, reserved 1048576K
}
Event: 0.756 GC heap after
{Heap after GC invocations=1 (full 0):
 garbage-first heap   total 133120K, used 7296K [0x0000000780000000, 0x0000000800000000)
  region size 1024K, 3 young (3072K), 3 survivors (3072K)
 Metaspace       used 5680K, committed 5952K, reserved 1114112K
  class space    used 679K, committed 832K, reserved 1048576K
}
Event: 1.710 GC heap before
{Heap before GC invocations=1 (full 0):
 garbage-first heap   total 133120K, used 67712K [0x0000000780000000, 0x0000000800000000)
  region size 1024K, 36 young (36864K), 3 survivors (3072K)
 Metaspace       used 18165K, committed 18496K, reserved 1114112K
  class space    used 2382K, committed 2560K, reserved 1048576K
}
Event: 1.714 GC heap after
{Heap after GC invocations=2 (full 0):
 garbage-first heap   total 133120K, used 39804K [0x0000000780000000, 0x0000000800000000)
  region size 1024K, 5 young (5120K), 5 survivors (5120K)
 Metaspace       used 18165K, committed 18496K, reserved 1114112K
  class space    used 2382K, committed 2560K, reserved 1048576K
}
Event: 5.025 GC heap before
{Heap before GC invocations=2 (full 0):
 garbage-first heap   total 133120K, used 54140K [0x0000000780000000, 0x0000000800000000)
  region size 1024K, 19 young (19456K), 5 survivors (5120K)
 Metaspace       used 21208K, committed 21504K, reserved 1114112K
  class space    used 2864K, committed 3008K, reserved 1048576K
}
Event: 5.028 GC heap after
{Heap after GC invocations=3 (full 0):
 garbage-first heap   total 133120K, used 43902K [0x0000000780000000, 0x0000000800000000)
  region size 1024K, 2 young (2048K), 2 survivors (2048K)
 Metaspace       used 21208K, committed 21504K, reserved 1114112K
  class space    used 2864K, committed 3008K, reserved 1048576K
}

