# JRE version: Java(TM) SE Runtime Environment (17.0.8+9) (build 17.0.8+9-LTS-211)
# Java VM: Java HotSpot(TM) 64-Bit Server VM (17.0.8+9-LTS-211, mixed mode, sharing, tiered, compressed oops, compressed class ptrs, g1 gc, bsd-aarch64)
Heap:
 garbage-first heap   total 133120K, used 76349K [0x0000000780000000, 0x0000000800000000)
  region size 1024K, 18 young (18432K), 6 survivors (6144K)
 Metaspace       used 28496K, committed 28864K, reserved 1114112K
  class space    used 4034K, committed 4224K, reserved 1048576K
GC Heap History (16 events):
Event: 0.996 GC heap before
{Heap before GC invocations=0 (full 0):
 garbage-first heap   total 133120K, used 23520K [0x0000000780000000, 0x0000000800000000)
  region size 1024K, 23 young (23552K), 0 survivors (0K)
 Metaspace       used 5677K, committed 5952K, reserved 1114112K
  class space    used 678K, committed 832K, reserved 1048576K
}
Event: 0.999 GC heap after
{Heap after GC invocations=1 (full 0):
 garbage-first heap   total 133120K, used 7499K [0x0000000780000000, 0x0000000800000000)
  region size 1024K, 3 young (3072K), 3 survivors (3072K)
 Metaspace       used 5677K, committed 5952K, reserved 1114112K
  class space    used 678K, committed 832K, reserved 1048576K
}
Event: 2.052 GC heap before
{Heap before GC invocations=1 (full 0):
 garbage-first heap   total 133120K, used 67915K [0x0000000780000000, 0x0000000800000000)
  region size 1024K, 36 young (36864K), 3 survivors (3072K)
 Metaspace       used 18066K, committed 18368K, reserved 1114112K
  class space    used 2349K, committed 2496K, reserved 1048576K
}
Event: 2.057 GC heap after
{Heap after GC invocations=2 (full 0):
 garbage-first heap   total 133120K, used 39618K [0x0000000780000000, 0x0000000800000000)
  region size 1024K, 5 young (5120K), 5 survivors (5120K)
 Metaspace       used 18066K, committed 18368K, reserved 1114112K
  class space    used 2349K, committed 2496K, reserved 1048576K
}
Event: 32.295 GC heap before
{Heap before GC invocations=2 (full 0):
 garbage-first heap   total 133120K, used 58050K [0x0000000780000000, 0x0000000800000000)
  region size 1024K, 22 young (22528K), 5 survivors (5120K)
 Metaspace       used 21260K, committed 21504K, reserved 1114112K
  class space    used 2784K, committed 2880K, reserved 1048576K
}
Event: 32.298 GC heap after
{Heap after GC invocations=3 (full 0):
 garbage-first heap   total 133120K, used 43339K [0x0000000780000000, 0x0000000800000000)
  region size 1024K, 2 young (2048K), 2 survivors (2048K)
 Metaspace       used 21260K, committed 21504K, reserved 1114112K
  class space    used 2784K, committed 2880K, reserved 1048576K
}
Event: 95.199 GC heap before
{Heap before GC invocations=4 (full 0):
 garbage-first heap   total 133120K, used 113995K [0x0000000780000000, 0x0000000800000000)
  region size 1024K, 52 young (53248K), 2 survivors (2048K)
 Metaspace       used 26883K, committed 27200K, reserved 1114112K
  class space    used 3827K, committed 3968K, reserved 1048576K
}
Event: 95.210 GC heap after
{Heap after GC invocations=5 (full 0):
 garbage-first heap   total 133120K, used 54240K [0x0000000780000000, 0x0000000800000000)
  region size 1024K, 7 young (7168K), 7 survivors (7168K)
 Metaspace       used 26883K, committed 27200K, reserved 1114112K
  class space    used 3827K, committed 3968K, reserved 1048576K
}
Event: 99.416 GC heap before
{Heap before GC invocations=5 (full 0):
 garbage-first heap   total 133120K, used 61408K [0x0000000780000000, 0x0000000800000000)
  region size 1024K, 8 young (8192K), 7 survivors (7168K)
 Metaspace       used 26967K, committed 27264K, reserved 1114112K
  class space    used 3832K, committed 3968K, reserved 1048576K
}
Event: 99.426 GC heap after
{Heap after GC invocations=6 (full 0):
 garbage-first heap   total 133120K, used 54936K [0x0000000780000000, 0x0000000800000000)
  region size 1024K, 1 young (1024K), 1 survivors (1024K)
 Metaspace       used 26967K, committed 27264K, reserved 1114112K
  class space    used 3832K, committed 3968K, reserved 1048576K
}
Event: 139.962 GC heap before
{Heap before GC invocations=6 (full 0):
 garbage-first heap   total 133120K, used 74392K [0x0000000780000000, 0x0000000800000000)
  region size 1024K, 18 young (18432K), 1 survivors (1024K)
 Metaspace       used 27930K, committed 28224K, reserved 1114112K
  class space    used 3991K, committed 4096K, reserved 1048576K
}
Event: 139.964 GC heap after
{Heap after GC invocations=7 (full 0):
 garbage-first heap   total 133120K, used 59871K [0x0000000780000000, 0x0000000800000000)
  region size 1024K, 3 young (3072K), 3 survivors (3072K)
 Metaspace       used 27930K, committed 28224K, reserved 1114112K
  class space    used 3991K, committed 4096K, reserved 1048576K
}
Event: 139.968 GC heap before
{Heap before GC invocations=7 (full 0):
 garbage-first heap   total 133120K, used 66015K [0x0000000780000000, 0x0000000800000000)
  region size 1024K, 5 young (5120K), 3 survivors (3072K)
 Metaspace       used 27930K, committed 28224K, reserved 1114112K
  class space    used 3991K, committed 4096K, reserved 1048576K
}
Event: 139.970 GC heap after
{Heap after GC invocations=8 (full 0):
 garbage-first heap   total 133120K, used 58804K [0x0000000780000000, 0x0000000800000000)
  region size 1024K, 3 young (3072K), 3 survivors (3072K)
 Metaspace       used 27930K, committed 28224K, reserved 1114112K
  class space    used 3991K, committed 4096K, reserved 1048576K
}
Event: 151.474 GC heap before
{Heap before GC invocations=8 (full 0):
 garbage-first heap   total 133120K, used 84404K [0x0000000780000000, 0x0000000800000000)
  region size 1024K, 24 young (24576K), 3 survivors (3072K)
 Metaspace       used 28327K, committed 28672K, reserved 1114112K
  class space    used 4019K, committed 4224K, reserved 1048576K
}
Event: 151.478 GC heap after
{Heap after GC invocations=9 (full 0):
 garbage-first heap   total 133120K, used 68157K [0x0000000780000000, 0x0000000800000000)
  region size 1024K, 6 young (6144K), 6 survivors (6144K)
 Metaspace       used 28327K, committed 28672K, reserved 1114112K
  class space    used 4019K, committed 4224K, reserved 1048576K
}

