# JRE version: Java(TM) SE Runtime Environment (17.0.8+9) (build 17.0.8+9-LTS-211)
# Java VM: Java HotSpot(TM) 64-Bit Server VM (17.0.8+9-LTS-211, mixed mode, sharing, tiered, compressed oops, compressed class ptrs, g1 gc, bsd-aarch64)
Heap:
 garbage-first heap   total 133120K, used 63135K [0x0000000780000000, 0x0000000800000000)
  region size 1024K, 9 young (9216K), 3 survivors (3072K)
 Metaspace       used 21086K, committed 21376K, reserved 1114112K
  class space    used 3284K, committed 3456K, reserved 1048576K
GC Heap History (8 events):
Event: 0.903 GC heap before
{Heap before GC invocations=0 (full 0):
 garbage-first heap   total 133120K, used 23520K [0x0000000780000000, 0x0000000800000000)
  region size 1024K, 23 young (23552K), 0 survivors (0K)
 Metaspace       used 5832K, committed 6080K, reserved 1114112K
  class space    used 700K, committed 832K, reserved 1048576K
}
Event: 0.906 GC heap after
{Heap after GC invocations=1 (full 0):
 garbage-first heap   total 133120K, used 7312K [0x0000000780000000, 0x0000000800000000)
  region size 1024K, 3 young (3072K), 3 survivors (3072K)
 Metaspace       used 5832K, committed 6080K, reserved 1114112K
  class space    used 700K, committed 832K, reserved 1048576K
}
Event: 7.207 GC heap before
{Heap before GC invocations=1 (full 0):
 garbage-first heap   total 133120K, used 69776K [0x0000000780000000, 0x0000000800000000)
  region size 1024K, 37 young (37888K), 3 survivors (3072K)
 Metaspace       used 14539K, committed 14784K, reserved 1114112K
  class space    used 1988K, committed 2112K, reserved 1048576K
}
Event: 7.215 GC heap after
{Heap after GC invocations=2 (full 0):
 garbage-first heap   total 133120K, used 40320K [0x0000000780000000, 0x0000000800000000)
  region size 1024K, 5 young (5120K), 5 survivors (5120K)
 Metaspace       used 14539K, committed 14784K, reserved 1114112K
  class space    used 1988K, committed 2112K, reserved 1048576K
}
Event: 17.375 GC heap before
{Heap before GC invocations=2 (full 0):
 garbage-first heap   total 133120K, used 76160K [0x0000000780000000, 0x0000000800000000)
  region size 1024K, 37 young (37888K), 5 survivors (5120K)
 Metaspace       used 19557K, committed 19840K, reserved 1114112K
  class space    used 2995K, committed 3136K, reserved 1048576K
}
Event: 17.411 GC heap after
{Heap after GC invocations=3 (full 0):
 garbage-first heap   total 133120K, used 45899K [0x0000000780000000, 0x0000000800000000)
  region size 1024K, 6 young (6144K), 6 survivors (6144K)
 Metaspace       used 19557K, committed 19840K, reserved 1114112K
  class space    used 2995K, committed 3136K, reserved 1048576K
}
Event: 18.322 GC heap before
{Heap before GC invocations=3 (full 0):
 garbage-first heap   total 133120K, used 80715K [0x0000000780000000, 0x0000000800000000)
  region size 1024K, 15 young (15360K), 6 survivors (6144K)
 Metaspace       used 20515K, committed 20800K, reserved 1114112K
  class space    used 3180K, committed 3328K, reserved 1048576K
}
Event: 18.327 GC heap after
{Heap after GC invocations=4 (full 0):
 garbage-first heap   total 133120K, used 74399K [0x0000000780000000, 0x0000000800000000)
  region size 1024K, 3 young (3072K), 3 survivors (3072K)
 Metaspace       used 20515K, committed 20800K, reserved 1114112K
  class space    used 3180K, committed 3328K, reserved 1048576K
}

